RAWSAFE iniciado
ROOT=/workspaces/condominio-floriano-data
PYTHONPATH=src

============================================================
STEP: branch atual
CMD : git branch --show-current
TIME: 2026-05-02T13:00:11+00:00
============================================================
main
OK: branch atual

============================================================
STEP: status inicial
CMD : git status --short
TIME: 2026-05-02T13:00:11+00:00
============================================================
 M bash_reader.txt
?? bin/
?? logs/
OK: status inicial

============================================================
STEP: testes existentes
CMD : pytest -q
TIME: 2026-05-02T13:00:11+00:00
============================================================
........................................................................ [ 98%]
.                                                                        [100%]
73 passed in 4.58s
OK: testes existentes

============================================================
STEP: commit se houver alteração
============================================================
